<?xml version="1.0" encoding="UTF-8"?>
<testng-results ignored="0" total="1" passed="1" failed="0" skipped="0">
  <reporter-output>
  </reporter-output>
  <suite started-at="2023-03-06T01:16:27 IST" name="Default suite" finished-at="2023-03-06T01:16:47 IST" duration-ms="20576">
    <groups>
    </groups>
    <test started-at="2023-03-06T01:16:27 IST" name="Default test" finished-at="2023-03-06T01:16:47 IST" duration-ms="20576">
      <class name="com.shopping.Testcases.SignUpTest">
        <test-method is-config="true" signature="setup()[pri:0, instance:com.shopping.Testcases.SignUpTest@383bfa16]" started-at="2023-03-06T01:16:27 IST" name="setup" finished-at="2023-03-06T01:16:37 IST" duration-ms="9934" status="PASS">
          <reporter-output>
          </reporter-output>
        </test-method> <!-- setup -->
        <test-method signature="VerifyValidLogin()[pri:0, instance:com.shopping.Testcases.SignUpTest@383bfa16]" started-at="2023-03-06T01:16:37 IST" name="VerifyValidLogin" finished-at="2023-03-06T01:16:47 IST" duration-ms="10301" status="PASS">
          <reporter-output>
          </reporter-output>
        </test-method> <!-- VerifyValidLogin -->
        <test-method is-config="true" signature="teradown()[pri:0, instance:com.shopping.Testcases.SignUpTest@383bfa16]" started-at="2023-03-06T01:16:47 IST" name="teradown" finished-at="2023-03-06T01:16:47 IST" duration-ms="303" status="PASS">
          <reporter-output>
          </reporter-output>
        </test-method> <!-- teradown -->
      </class> <!-- com.shopping.Testcases.SignUpTest -->
    </test> <!-- Default test -->
  </suite> <!-- Default suite -->
</testng-results>
